<?xml version="1.0" encoding="UTF-8"?>
<testsuite name="demo.app.MessageUtilsTest" tests="1" skipped="0" failures="0" errors="0" timestamp="2023-03-18T02:32:45" hostname="MacBook-Pro-de-caju.local" time="0.011">
  <properties/>
  <testcase name="testGetMessage()" classname="demo.app.MessageUtilsTest" time="0.011"/>
  <system-out><![CDATA[]]></system-out>
  <system-err><![CDATA[]]></system-err>
</testsuite>
