<?xml version="1.0" encoding="UTF-8"?>
<testsuite name="demo.list.LinkedListTest" tests="4" skipped="0" failures="0" errors="0" timestamp="2023-03-18T02:32:44" hostname="MacBook-Pro-de-caju.local" time="0.014">
  <properties/>
  <testcase name="testAdd()" classname="demo.list.LinkedListTest" time="0.011"/>
  <testcase name="testRemoveMissing()" classname="demo.list.LinkedListTest" time="0.001"/>
  <testcase name="testRemove()" classname="demo.list.LinkedListTest" time="0.001"/>
  <testcase name="testConstructor()" classname="demo.list.LinkedListTest" time="0.001"/>
  <system-out><![CDATA[]]></system-out>
  <system-err><![CDATA[]]></system-err>
</testsuite>
